[0.009s] Invoking command in '/home/merlin/ros2_ws/build/turtlesim': CMAKE_PREFIX_PATH=/opt/ros/humble /usr/bin/cmake /home/merlin/ros2_ws/src/ros_tutorials/turtlesim -DCMAKE_INSTALL_PREFIX=/home/merlin/ros2_ws/install/turtlesim
[0.065s] -- The C compiler identification is GNU 11.4.0
[0.125s] -- The CXX compiler identification is GNU 11.4.0
[0.133s] -- Detecting C compiler ABI info
[0.205s] -- Detecting C compiler ABI info - done
[0.212s] -- Check for working C compiler: /usr/bin/cc - skipped
[0.213s] -- Detecting C compile features
[0.213s] -- Detecting C compile features - done
[0.216s] -- Detecting CXX compiler ABI info
[0.300s] -- Detecting CXX compiler ABI info - done
[0.308s] -- Check for working CXX compiler: /usr/bin/c++ - skipped
[0.309s] -- Detecting CXX compile features
[0.309s] -- Detecting CXX compile features - done
[0.312s] -- Found ament_cmake: 1.3.11 (/opt/ros/humble/share/ament_cmake/cmake)
[0.648s] -- Found Python3: /usr/bin/python3 (found version "3.10.12") found components: Interpreter 
[0.731s] -- Found ament_index_cpp: 1.4.0 (/opt/ros/humble/share/ament_index_cpp/cmake)
[0.776s] -- Found geometry_msgs: 4.2.4 (/opt/ros/humble/share/geometry_msgs/cmake)
[0.811s] -- Found rosidl_generator_c: 3.1.6 (/opt/ros/humble/share/rosidl_generator_c/cmake)
[0.815s] -- Found rosidl_adapter: 3.1.6 (/opt/ros/humble/share/rosidl_adapter/cmake)
[0.823s] -- Found rosidl_generator_cpp: 3.1.6 (/opt/ros/humble/share/rosidl_generator_cpp/cmake)
[0.835s] -- Using all available rosidl_typesupport_c: rosidl_typesupport_fastrtps_c;rosidl_typesupport_introspection_c
[0.851s] -- Using all available rosidl_typesupport_cpp: rosidl_typesupport_fastrtps_cpp;rosidl_typesupport_introspection_cpp
[1.020s] -- Found rclcpp: 16.0.11 (/opt/ros/humble/share/rclcpp/cmake)
[1.054s] -- Found rmw_implementation_cmake: 6.1.2 (/opt/ros/humble/share/rmw_implementation_cmake/cmake)
[1.057s] -- Found rmw_fastrtps_cpp: 6.2.7 (/opt/ros/humble/share/rmw_fastrtps_cpp/cmake)
[1.141s] -- Found OpenSSL: /usr/lib/x86_64-linux-gnu/libcrypto.so (found version "3.0.2")  
[1.166s] -- Found FastRTPS: /opt/ros/humble/include  
[1.206s] -- Using RMW implementation 'rmw_fastrtps_cpp' as default
[1.214s] -- Looking for pthread.h
[1.290s] -- Looking for pthread.h - found
[1.290s] -- Performing Test CMAKE_HAVE_LIBC_PTHREAD
[1.368s] -- Performing Test CMAKE_HAVE_LIBC_PTHREAD - Success
[1.370s] -- Found Threads: TRUE  
[1.429s] -- Found rclcpp_action: 16.0.11 (/opt/ros/humble/share/rclcpp_action/cmake)
[1.496s] -- Found rosidl_default_generators: 1.2.0 (/opt/ros/humble/share/rosidl_default_generators/cmake)
[1.523s] -- Found std_srvs: 4.2.4 (/opt/ros/humble/share/std_srvs/cmake)
[1.856s] -- Found ament_cmake_ros: 0.10.0 (/opt/ros/humble/share/ament_cmake_ros/cmake)
[2.186s] -- Using all available rosidl_typesupport_c: rosidl_typesupport_fastrtps_c;rosidl_typesupport_introspection_c
[2.314s] -- Using all available rosidl_typesupport_cpp: rosidl_typesupport_fastrtps_cpp;rosidl_typesupport_introspection_cpp
[2.339s] -- Found PythonInterp: /usr/bin/python3 (found suitable version "3.10.12", minimum required is "3.6") 
[2.340s] -- Found python_cmake_module: 0.10.0 (/opt/ros/humble/share/python_cmake_module/cmake)
[2.367s] -- Found PythonLibs: /usr/lib/x86_64-linux-gnu/libpython3.10.so (found suitable version "3.10.12", minimum required is "3.5") 
[2.367s] -- Using PYTHON_EXECUTABLE: /usr/bin/python3
[2.367s] -- Using PYTHON_INCLUDE_DIRS: /usr/include/python3.10
[2.367s] -- Using PYTHON_LIBRARIES: /usr/lib/x86_64-linux-gnu/libpython3.10.so
[2.389s] -- Found PythonExtra: .so  
[2.445s] -- Configuring done
[2.544s] -- Generating done
[2.565s] -- Build files have been written to: /home/merlin/ros2_ws/build/turtlesim
[2.577s] Invoked command in '/home/merlin/ros2_ws/build/turtlesim' returned '0': CMAKE_PREFIX_PATH=/opt/ros/humble /usr/bin/cmake /home/merlin/ros2_ws/src/ros_tutorials/turtlesim -DCMAKE_INSTALL_PREFIX=/home/merlin/ros2_ws/install/turtlesim
[2.579s] Invoking command in '/home/merlin/ros2_ws/build/turtlesim': CMAKE_PREFIX_PATH=/opt/ros/humble /usr/bin/cmake --build /home/merlin/ros2_ws/build/turtlesim -- -j4 -l4
[2.625s] [  1%] [34m[1mGenerating C code for ROS interfaces[0m
[2.636s] [  2%] [34m[1mGenerating C++ code for ROS interfaces[0m
[2.646s] [  2%] Built target ament_cmake_python_copy_turtlesim
[2.877s] running egg_info
[2.878s] creating turtlesim.egg-info
[2.894s] writing turtlesim.egg-info/PKG-INFO
[2.895s] writing dependency_links to turtlesim.egg-info/dependency_links.txt
[2.895s] writing top-level names to turtlesim.egg-info/top_level.txt
[2.895s] writing manifest file 'turtlesim.egg-info/SOURCES.txt'
[2.945s] reading manifest file 'turtlesim.egg-info/SOURCES.txt'
[2.946s] writing manifest file 'turtlesim.egg-info/SOURCES.txt'
[2.972s] [  2%] Built target ament_cmake_python_build_turtlesim_egg
[3.701s] [  3%] [32mBuilding C object CMakeFiles/turtlesim__rosidl_generator_c.dir/rosidl_generator_c/turtlesim/msg/detail/pose__functions.c.o[0m
[3.703s] [  4%] [32mBuilding C object CMakeFiles/turtlesim__rosidl_generator_c.dir/rosidl_generator_c/turtlesim/msg/detail/color__functions.c.o[0m
[3.705s] [  4%] Built target turtlesim__cpp
[3.705s] [  5%] [32mBuilding C object CMakeFiles/turtlesim__rosidl_generator_c.dir/rosidl_generator_c/turtlesim/action/detail/rotate_absolute__functions.c.o[0m
[3.714s] [  6%] [32mBuilding C object CMakeFiles/turtlesim__rosidl_generator_c.dir/rosidl_generator_c/turtlesim/srv/detail/kill__functions.c.o[0m
[3.773s] [  7%] [32mBuilding C object CMakeFiles/turtlesim__rosidl_generator_c.dir/rosidl_generator_c/turtlesim/srv/detail/set_pen__functions.c.o[0m
[3.776s] [  8%] [34m[1mGenerating C++ type support dispatch for ROS interfaces[0m
[3.788s] [  9%] [34m[1mGenerating C++ type support for eProsima Fast-RTPS[0m
[3.842s] [ 10%] [34m[1mGenerating C++ introspection for ROS interfaces[0m
[3.887s] [ 11%] [32mBuilding C object CMakeFiles/turtlesim__rosidl_generator_c.dir/rosidl_generator_c/turtlesim/srv/detail/spawn__functions.c.o[0m
[3.969s] [ 12%] [32mBuilding C object CMakeFiles/turtlesim__rosidl_generator_c.dir/rosidl_generator_c/turtlesim/srv/detail/teleport_absolute__functions.c.o[0m
[4.031s] [ 13%] [32mBuilding C object CMakeFiles/turtlesim__rosidl_generator_c.dir/rosidl_generator_c/turtlesim/srv/detail/teleport_relative__functions.c.o[0m
[4.095s] [ 14%] [32m[1mLinking C shared library libturtlesim__rosidl_generator_c.so[0m
[4.138s] [ 14%] Built target turtlesim__rosidl_generator_c
[4.157s] [ 15%] [34m[1mGenerating C type support for eProsima Fast-RTPS[0m
[4.379s] [ 16%] [32mBuilding CXX object CMakeFiles/turtlesim__rosidl_typesupport_cpp.dir/rosidl_typesupport_cpp/turtlesim/action/rotate_absolute__type_support.cpp.o[0m
[4.671s] [ 17%] [32mBuilding CXX object CMakeFiles/turtlesim__rosidl_typesupport_introspection_cpp.dir/rosidl_typesupport_introspection_cpp/turtlesim/action/detail/rotate_absolute__type_support.cpp.o[0m
[4.751s] [ 18%] [32mBuilding CXX object CMakeFiles/turtlesim__rosidl_typesupport_fastrtps_cpp.dir/rosidl_typesupport_fastrtps_cpp/turtlesim/action/detail/dds_fastrtps/rotate_absolute__type_support.cpp.o[0m
[4.890s] [ 19%] [32mBuilding CXX object CMakeFiles/turtlesim__rosidl_typesupport_cpp.dir/rosidl_typesupport_cpp/turtlesim/msg/color__type_support.cpp.o[0m
[5.070s] [ 20%] [32mBuilding CXX object CMakeFiles/turtlesim__rosidl_typesupport_fastrtps_c.dir/rosidl_typesupport_fastrtps_c/turtlesim/action/detail/rotate_absolute__type_support_c.cpp.o[0m
[5.200s] [ 21%] [32mBuilding CXX object CMakeFiles/turtlesim__rosidl_typesupport_cpp.dir/rosidl_typesupport_cpp/turtlesim/msg/pose__type_support.cpp.o[0m
[5.326s] [ 22%] [32mBuilding CXX object CMakeFiles/turtlesim__rosidl_typesupport_introspection_cpp.dir/rosidl_typesupport_introspection_cpp/turtlesim/msg/detail/color__type_support.cpp.o[0m
[5.359s] [ 23%] [32mBuilding CXX object CMakeFiles/turtlesim__rosidl_typesupport_fastrtps_cpp.dir/rosidl_typesupport_fastrtps_cpp/turtlesim/msg/detail/dds_fastrtps/color__type_support.cpp.o[0m
[5.494s] [ 24%] [32mBuilding CXX object CMakeFiles/turtlesim__rosidl_typesupport_cpp.dir/rosidl_typesupport_cpp/turtlesim/srv/kill__type_support.cpp.o[0m
[5.507s] [ 25%] [32mBuilding CXX object CMakeFiles/turtlesim__rosidl_typesupport_fastrtps_c.dir/rosidl_typesupport_fastrtps_c/turtlesim/msg/detail/color__type_support_c.cpp.o[0m
[5.752s] [ 26%] [32mBuilding CXX object CMakeFiles/turtlesim__rosidl_typesupport_introspection_cpp.dir/rosidl_typesupport_introspection_cpp/turtlesim/msg/detail/pose__type_support.cpp.o[0m
[5.787s] [ 27%] [32mBuilding CXX object CMakeFiles/turtlesim__rosidl_typesupport_fastrtps_cpp.dir/rosidl_typesupport_fastrtps_cpp/turtlesim/msg/detail/dds_fastrtps/pose__type_support.cpp.o[0m
[5.792s] [ 28%] [32mBuilding CXX object CMakeFiles/turtlesim__rosidl_typesupport_cpp.dir/rosidl_typesupport_cpp/turtlesim/srv/set_pen__type_support.cpp.o[0m
[5.876s] [ 29%] [32mBuilding CXX object CMakeFiles/turtlesim__rosidl_typesupport_fastrtps_c.dir/rosidl_typesupport_fastrtps_c/turtlesim/msg/detail/pose__type_support_c.cpp.o[0m
[6.099s] [ 30%] [32mBuilding CXX object CMakeFiles/turtlesim__rosidl_typesupport_cpp.dir/rosidl_typesupport_cpp/turtlesim/srv/spawn__type_support.cpp.o[0m
[6.167s] [ 31%] [32mBuilding CXX object CMakeFiles/turtlesim__rosidl_typesupport_introspection_cpp.dir/rosidl_typesupport_introspection_cpp/turtlesim/srv/detail/kill__type_support.cpp.o[0m
[6.211s] [ 32%] [32mBuilding CXX object CMakeFiles/turtlesim__rosidl_typesupport_fastrtps_cpp.dir/rosidl_typesupport_fastrtps_cpp/turtlesim/srv/detail/dds_fastrtps/kill__type_support.cpp.o[0m
[6.242s] [ 33%] [32mBuilding CXX object CMakeFiles/turtlesim__rosidl_typesupport_fastrtps_c.dir/rosidl_typesupport_fastrtps_c/turtlesim/srv/detail/kill__type_support_c.cpp.o[0m
[6.406s] [ 34%] [32mBuilding CXX object CMakeFiles/turtlesim__rosidl_typesupport_cpp.dir/rosidl_typesupport_cpp/turtlesim/srv/teleport_absolute__type_support.cpp.o[0m
[6.609s] [ 35%] [32mBuilding CXX object CMakeFiles/turtlesim__rosidl_typesupport_introspection_cpp.dir/rosidl_typesupport_introspection_cpp/turtlesim/srv/detail/set_pen__type_support.cpp.o[0m
[6.632s] [ 36%] [32mBuilding CXX object CMakeFiles/turtlesim__rosidl_typesupport_fastrtps_c.dir/rosidl_typesupport_fastrtps_c/turtlesim/srv/detail/set_pen__type_support_c.cpp.o[0m
[6.660s] [ 37%] [32mBuilding CXX object CMakeFiles/turtlesim__rosidl_typesupport_fastrtps_cpp.dir/rosidl_typesupport_fastrtps_cpp/turtlesim/srv/detail/dds_fastrtps/set_pen__type_support.cpp.o[0m
[6.706s] [ 38%] [32mBuilding CXX object CMakeFiles/turtlesim__rosidl_typesupport_cpp.dir/rosidl_typesupport_cpp/turtlesim/srv/teleport_relative__type_support.cpp.o[0m
[7.004s] [ 39%] [32m[1mLinking CXX shared library libturtlesim__rosidl_typesupport_cpp.so[0m
[7.022s] [ 40%] [32mBuilding CXX object CMakeFiles/turtlesim__rosidl_typesupport_fastrtps_c.dir/rosidl_typesupport_fastrtps_c/turtlesim/srv/detail/spawn__type_support_c.cpp.o[0m
[7.031s] [ 41%] [32mBuilding CXX object CMakeFiles/turtlesim__rosidl_typesupport_introspection_cpp.dir/rosidl_typesupport_introspection_cpp/turtlesim/srv/detail/spawn__type_support.cpp.o[0m
[7.057s] [ 41%] Built target turtlesim__rosidl_typesupport_cpp
[7.070s] [ 42%] [32mBuilding CXX object CMakeFiles/turtlesim__rosidl_typesupport_fastrtps_c.dir/rosidl_typesupport_fastrtps_c/turtlesim/srv/detail/teleport_absolute__type_support_c.cpp.o[0m
[7.097s] [ 43%] [32mBuilding CXX object CMakeFiles/turtlesim__rosidl_typesupport_fastrtps_cpp.dir/rosidl_typesupport_fastrtps_cpp/turtlesim/srv/detail/dds_fastrtps/spawn__type_support.cpp.o[0m
[7.429s] [ 44%] [32mBuilding CXX object CMakeFiles/turtlesim__rosidl_typesupport_fastrtps_cpp.dir/rosidl_typesupport_fastrtps_cpp/turtlesim/srv/detail/dds_fastrtps/teleport_absolute__type_support.cpp.o[0m
[7.445s] [ 45%] [32mBuilding CXX object CMakeFiles/turtlesim__rosidl_typesupport_introspection_cpp.dir/rosidl_typesupport_introspection_cpp/turtlesim/srv/detail/teleport_absolute__type_support.cpp.o[0m
[7.460s] [ 46%] [32mBuilding CXX object CMakeFiles/turtlesim__rosidl_typesupport_fastrtps_c.dir/rosidl_typesupport_fastrtps_c/turtlesim/srv/detail/teleport_relative__type_support_c.cpp.o[0m
[7.542s] [ 47%] [34m[1mGenerating C introspection for ROS interfaces[0m
[7.849s] [ 48%] [32m[1mLinking CXX shared library libturtlesim__rosidl_typesupport_fastrtps_c.so[0m
[7.861s] [ 49%] [32mBuilding CXX object CMakeFiles/turtlesim__rosidl_typesupport_introspection_cpp.dir/rosidl_typesupport_introspection_cpp/turtlesim/srv/detail/teleport_relative__type_support.cpp.o[0m
[7.890s] [ 50%] [32mBuilding CXX object CMakeFiles/turtlesim__rosidl_typesupport_fastrtps_cpp.dir/rosidl_typesupport_fastrtps_cpp/turtlesim/srv/detail/dds_fastrtps/teleport_relative__type_support.cpp.o[0m
[7.941s] [ 50%] Built target turtlesim__rosidl_typesupport_fastrtps_c
[7.954s] [ 51%] [34m[1mGenerating C type support dispatch for ROS interfaces[0m
[8.262s] [ 52%] [32m[1mLinking CXX shared library libturtlesim__rosidl_typesupport_introspection_cpp.so[0m
[8.358s] [ 52%] Built target turtlesim__rosidl_typesupport_introspection_cpp
[8.358s] [ 53%] [32m[1mLinking CXX shared library libturtlesim__rosidl_typesupport_fastrtps_cpp.so[0m
[8.383s] [ 54%] [34m[1mGenerating include/turtlesim/moc_turtle_frame.cpp[0m
[8.399s] [ 55%] [32mBuilding C object CMakeFiles/turtlesim__rosidl_typesupport_introspection_c.dir/rosidl_typesupport_introspection_c/turtlesim/action/detail/rotate_absolute__type_support.c.o[0m
[8.454s] [ 56%] [32mBuilding C object CMakeFiles/turtlesim__rosidl_typesupport_introspection_c.dir/rosidl_typesupport_introspection_c/turtlesim/msg/detail/color__type_support.c.o[0m
[8.458s] [ 56%] Built target turtlesim__rosidl_typesupport_fastrtps_cpp
[8.479s] [ 57%] [32mBuilding CXX object CMakeFiles/turtle_teleop_key.dir/tutorials/teleop_turtle_key.cpp.o[0m
[8.495s] [ 58%] [32mBuilding C object CMakeFiles/turtlesim__rosidl_typesupport_introspection_c.dir/rosidl_typesupport_introspection_c/turtlesim/msg/detail/pose__type_support.c.o[0m
[8.534s] [ 59%] [32mBuilding C object CMakeFiles/turtlesim__rosidl_typesupport_introspection_c.dir/rosidl_typesupport_introspection_c/turtlesim/srv/detail/kill__type_support.c.o[0m
[8.557s] [ 60%] [32mBuilding CXX object CMakeFiles/turtlesim__rosidl_typesupport_c.dir/rosidl_typesupport_c/turtlesim/action/rotate_absolute__type_support.cpp.o[0m
[8.576s] [ 61%] [32mBuilding C object CMakeFiles/turtlesim__rosidl_typesupport_introspection_c.dir/rosidl_typesupport_introspection_c/turtlesim/srv/detail/set_pen__type_support.c.o[0m
[8.614s] [ 62%] [32mBuilding CXX object CMakeFiles/turtlesim__rosidl_typesupport_c.dir/rosidl_typesupport_c/turtlesim/msg/color__type_support.cpp.o[0m
[8.619s] [ 63%] [32mBuilding C object CMakeFiles/turtlesim__rosidl_typesupport_introspection_c.dir/rosidl_typesupport_introspection_c/turtlesim/srv/detail/spawn__type_support.c.o[0m
[8.650s] [ 64%] [32mBuilding CXX object CMakeFiles/turtlesim__rosidl_typesupport_c.dir/rosidl_typesupport_c/turtlesim/msg/pose__type_support.cpp.o[0m
[8.659s] [ 65%] [32mBuilding CXX object CMakeFiles/turtlesim_node.dir/src/turtlesim.cpp.o[0m
[8.664s] [ 66%] [32mBuilding C object CMakeFiles/turtlesim__rosidl_typesupport_introspection_c.dir/rosidl_typesupport_introspection_c/turtlesim/srv/detail/teleport_absolute__type_support.c.o[0m
[8.684s] [ 67%] [32mBuilding CXX object CMakeFiles/turtlesim__rosidl_typesupport_c.dir/rosidl_typesupport_c/turtlesim/srv/kill__type_support.cpp.o[0m
[8.706s] [ 68%] [32mBuilding C object CMakeFiles/turtlesim__rosidl_typesupport_introspection_c.dir/rosidl_typesupport_introspection_c/turtlesim/srv/detail/teleport_relative__type_support.c.o[0m
[8.721s] [ 69%] [32mBuilding CXX object CMakeFiles/turtlesim__rosidl_typesupport_c.dir/rosidl_typesupport_c/turtlesim/srv/set_pen__type_support.cpp.o[0m
[8.748s] [ 70%] [32m[1mLinking C shared library libturtlesim__rosidl_typesupport_introspection_c.so[0m
[8.757s] [ 71%] [32mBuilding CXX object CMakeFiles/turtlesim__rosidl_typesupport_c.dir/rosidl_typesupport_c/turtlesim/srv/spawn__type_support.cpp.o[0m
[8.791s] [ 71%] Built target turtlesim__rosidl_typesupport_introspection_c
[8.793s] [ 72%] [32mBuilding CXX object CMakeFiles/turtlesim__rosidl_typesupport_c.dir/rosidl_typesupport_c/turtlesim/srv/teleport_absolute__type_support.cpp.o[0m
[8.799s] [ 73%] [32mBuilding CXX object CMakeFiles/turtlesim__rosidl_typesupport_c.dir/rosidl_typesupport_c/turtlesim/srv/teleport_relative__type_support.cpp.o[0m
[8.829s] [ 74%] [32mBuilding CXX object CMakeFiles/turtlesim_node.dir/src/turtle.cpp.o[0m
[8.835s] [ 75%] [32m[1mLinking CXX shared library libturtlesim__rosidl_typesupport_c.so[0m
[8.888s] [ 75%] Built target turtlesim__rosidl_typesupport_c
[8.897s] [ 76%] [32mBuilding CXX object CMakeFiles/turtlesim_node.dir/src/turtle_frame.cpp.o[0m
[13.414s] [ 77%] [32mBuilding CXX object CMakeFiles/turtlesim_node.dir/include/turtlesim/moc_turtle_frame.cpp.o[0m
[15.000s] [ 78%] [32m[1mLinking CXX executable turtle_teleop_key[0m
[15.488s] [ 78%] Built target turtle_teleop_key
[15.513s] [ 79%] [32mBuilding CXX object CMakeFiles/draw_square.dir/tutorials/draw_square.cpp.o[0m
[18.154s] [ 80%] [32mBuilding CXX object CMakeFiles/mimic.dir/tutorials/mimic.cpp.o[0m
[22.490s] [ 81%] [32m[1mLinking CXX executable turtlesim_node[0m
[24.845s] [ 81%] Built target turtlesim_node
[24.867s] [ 81%] Built target turtlesim
[24.890s] [ 82%] [34m[1mGenerating Python code for ROS interfaces[0m
[25.829s] [ 83%] [32m[1mLinking CXX executable draw_square[0m
[26.402s] [ 83%] Built target draw_square
[26.729s] [ 83%] Built target turtlesim__py
[26.753s] [ 85%] [32mBuilding C object CMakeFiles/turtlesim__rosidl_generator_py.dir/rosidl_generator_py/turtlesim/action/_rotate_absolute_s.c.o[0m
[26.753s] [ 85%] [32mBuilding C object CMakeFiles/turtlesim__rosidl_generator_py.dir/rosidl_generator_py/turtlesim/msg/_pose_s.c.o[0m
[26.759s] [ 86%] [32mBuilding C object CMakeFiles/turtlesim__rosidl_generator_py.dir/rosidl_generator_py/turtlesim/msg/_color_s.c.o[0m
[26.927s] [ 88%] [32mBuilding C object CMakeFiles/turtlesim__rosidl_generator_py.dir/rosidl_generator_py/turtlesim/srv/_set_pen_s.c.o[0m
[26.928s] [ 88%] [32mBuilding C object CMakeFiles/turtlesim__rosidl_generator_py.dir/rosidl_generator_py/turtlesim/srv/_kill_s.c.o[0m
[26.978s] [ 89%] [32mBuilding C object CMakeFiles/turtlesim__rosidl_generator_py.dir/rosidl_generator_py/turtlesim/srv/_spawn_s.c.o[0m
[27.047s] [ 90%] [32mBuilding C object CMakeFiles/turtlesim__rosidl_generator_py.dir/rosidl_generator_py/turtlesim/srv/_teleport_absolute_s.c.o[0m
[27.052s] [ 91%] [32mBuilding C object CMakeFiles/turtlesim__rosidl_generator_py.dir/rosidl_generator_py/turtlesim/srv/_teleport_relative_s.c.o[0m
[27.172s] [ 92%] [32m[1mLinking C shared library rosidl_generator_py/turtlesim/libturtlesim__rosidl_generator_py.so[0m
[27.221s] [ 92%] Built target turtlesim__rosidl_generator_py
[27.245s] [ 93%] [32mBuilding C object CMakeFiles/turtlesim__rosidl_typesupport_fastrtps_c__pyext.dir/rosidl_generator_py/turtlesim/_turtlesim_s.ep.rosidl_typesupport_fastrtps_c.c.o[0m
[27.249s] [ 94%] [32mBuilding C object CMakeFiles/turtlesim__rosidl_typesupport_c__pyext.dir/rosidl_generator_py/turtlesim/_turtlesim_s.ep.rosidl_typesupport_c.c.o[0m
[27.250s] [ 95%] [32mBuilding C object CMakeFiles/turtlesim__rosidl_typesupport_introspection_c__pyext.dir/rosidl_generator_py/turtlesim/_turtlesim_s.ep.rosidl_typesupport_introspection_c.c.o[0m
[27.443s] [ 96%] [32m[1mLinking C shared library rosidl_generator_py/turtlesim/turtlesim_s__rosidl_typesupport_introspection_c.cpython-310-x86_64-linux-gnu.so[0m
[27.474s] [ 97%] [32m[1mLinking C shared library rosidl_generator_py/turtlesim/turtlesim_s__rosidl_typesupport_c.cpython-310-x86_64-linux-gnu.so[0m
[27.509s] [ 97%] Built target turtlesim__rosidl_typesupport_introspection_c__pyext
[27.542s] [ 98%] [32m[1mLinking C shared library rosidl_generator_py/turtlesim/turtlesim_s__rosidl_typesupport_fastrtps_c.cpython-310-x86_64-linux-gnu.so[0m
[27.555s] [100%] [32m[1mLinking CXX executable mimic[0m
[27.564s] [100%] Built target turtlesim__rosidl_typesupport_c__pyext
[27.591s] [100%] Built target turtlesim__rosidl_typesupport_fastrtps_c__pyext
[27.990s] [100%] Built target mimic
[28.004s] Invoked command in '/home/merlin/ros2_ws/build/turtlesim' returned '0': CMAKE_PREFIX_PATH=/opt/ros/humble /usr/bin/cmake --build /home/merlin/ros2_ws/build/turtlesim -- -j4 -l4
[28.014s] Invoking command in '/home/merlin/ros2_ws/build/turtlesim': CMAKE_PREFIX_PATH=/opt/ros/humble /usr/bin/cmake --install /home/merlin/ros2_ws/build/turtlesim
[28.022s] -- Install configuration: ""
[28.023s] -- Installing: /home/merlin/ros2_ws/install/turtlesim/share/ament_index/resource_index/rosidl_interfaces/turtlesim
[28.023s] -- Installing: /home/merlin/ros2_ws/install/turtlesim/include/turtlesim/turtlesim
[28.023s] -- Installing: /home/merlin/ros2_ws/install/turtlesim/include/turtlesim/turtlesim/srv
[28.024s] -- Installing: /home/merlin/ros2_ws/install/turtlesim/include/turtlesim/turtlesim/srv/teleport_absolute.h
[28.024s] -- Installing: /home/merlin/ros2_ws/install/turtlesim/include/turtlesim/turtlesim/srv/detail
[28.024s] -- Installing: /home/merlin/ros2_ws/install/turtlesim/include/turtlesim/turtlesim/srv/detail/kill__type_support.h
[28.024s] -- Installing: /home/merlin/ros2_ws/install/turtlesim/include/turtlesim/turtlesim/srv/detail/spawn__functions.c
[28.024s] -- Installing: /home/merlin/ros2_ws/install/turtlesim/include/turtlesim/turtlesim/srv/detail/kill__functions.h
[28.024s] -- Installing: /home/merlin/ros2_ws/install/turtlesim/include/turtlesim/turtlesim/srv/detail/spawn__type_support.h
[28.024s] -- Installing: /home/merlin/ros2_ws/install/turtlesim/include/turtlesim/turtlesim/srv/detail/set_pen__struct.h
[28.024s] -- Installing: /home/merlin/ros2_ws/install/turtlesim/include/turtlesim/turtlesim/srv/detail/teleport_relative__functions.h
[28.024s] -- Installing: /home/merlin/ros2_ws/install/turtlesim/include/turtlesim/turtlesim/srv/detail/teleport_relative__type_support.h
[28.024s] -- Installing: /home/merlin/ros2_ws/install/turtlesim/include/turtlesim/turtlesim/srv/detail/kill__struct.h
[28.025s] -- Installing: /home/merlin/ros2_ws/install/turtlesim/include/turtlesim/turtlesim/srv/detail/spawn__struct.h
[28.025s] -- Installing: /home/merlin/ros2_ws/install/turtlesim/include/turtlesim/turtlesim/srv/detail/set_pen__type_support.h
[28.025s] -- Installing: /home/merlin/ros2_ws/install/turtlesim/include/turtlesim/turtlesim/srv/detail/teleport_absolute__struct.h
[28.025s] -- Installing: /home/merlin/ros2_ws/install/turtlesim/include/turtlesim/turtlesim/srv/detail/teleport_relative__struct.h
[28.025s] -- Installing: /home/merlin/ros2_ws/install/turtlesim/include/turtlesim/turtlesim/srv/detail/set_pen__functions.c
[28.026s] -- Installing: /home/merlin/ros2_ws/install/turtlesim/include/turtlesim/turtlesim/srv/detail/kill__functions.c
[28.026s] -- Installing: /home/merlin/ros2_ws/install/turtlesim/include/turtlesim/turtlesim/srv/detail/teleport_relative__functions.c
[28.026s] -- Installing: /home/merlin/ros2_ws/install/turtlesim/include/turtlesim/turtlesim/srv/detail/set_pen__functions.h
[28.026s] -- Installing: /home/merlin/ros2_ws/install/turtlesim/include/turtlesim/turtlesim/srv/detail/teleport_absolute__functions.h
[28.026s] -- Installing: /home/merlin/ros2_ws/install/turtlesim/include/turtlesim/turtlesim/srv/detail/spawn__functions.h
[28.026s] -- Installing: /home/merlin/ros2_ws/install/turtlesim/include/turtlesim/turtlesim/srv/detail/teleport_absolute__functions.c
[28.027s] -- Installing: /home/merlin/ros2_ws/install/turtlesim/include/turtlesim/turtlesim/srv/detail/teleport_absolute__type_support.h
[28.027s] -- Installing: /home/merlin/ros2_ws/install/turtlesim/include/turtlesim/turtlesim/srv/kill.h
[28.027s] -- Installing: /home/merlin/ros2_ws/install/turtlesim/include/turtlesim/turtlesim/srv/set_pen.h
[28.027s] -- Installing: /home/merlin/ros2_ws/install/turtlesim/include/turtlesim/turtlesim/srv/spawn.h
[28.027s] -- Installing: /home/merlin/ros2_ws/install/turtlesim/include/turtlesim/turtlesim/srv/teleport_relative.h
[28.027s] -- Installing: /home/merlin/ros2_ws/install/turtlesim/include/turtlesim/turtlesim/msg
[28.028s] -- Installing: /home/merlin/ros2_ws/install/turtlesim/include/turtlesim/turtlesim/msg/detail
[28.028s] -- Installing: /home/merlin/ros2_ws/install/turtlesim/include/turtlesim/turtlesim/msg/detail/pose__type_support.h
[28.028s] -- Installing: /home/merlin/ros2_ws/install/turtlesim/include/turtlesim/turtlesim/msg/detail/color__functions.c
[28.028s] -- Installing: /home/merlin/ros2_ws/install/turtlesim/include/turtlesim/turtlesim/msg/detail/color__type_support.h
[28.028s] -- Installing: /home/merlin/ros2_ws/install/turtlesim/include/turtlesim/turtlesim/msg/detail/pose__functions.c
[28.028s] -- Installing: /home/merlin/ros2_ws/install/turtlesim/include/turtlesim/turtlesim/msg/detail/color__functions.h
[28.028s] -- Installing: /home/merlin/ros2_ws/install/turtlesim/include/turtlesim/turtlesim/msg/detail/color__struct.h
[28.028s] -- Installing: /home/merlin/ros2_ws/install/turtlesim/include/turtlesim/turtlesim/msg/detail/pose__functions.h
[28.029s] -- Installing: /home/merlin/ros2_ws/install/turtlesim/include/turtlesim/turtlesim/msg/detail/pose__struct.h
[28.029s] -- Installing: /home/merlin/ros2_ws/install/turtlesim/include/turtlesim/turtlesim/msg/color.h
[28.029s] -- Installing: /home/merlin/ros2_ws/install/turtlesim/include/turtlesim/turtlesim/msg/pose.h
[28.029s] -- Installing: /home/merlin/ros2_ws/install/turtlesim/include/turtlesim/turtlesim/msg/rosidl_generator_c__visibility_control.h
[28.029s] -- Installing: /home/merlin/ros2_ws/install/turtlesim/include/turtlesim/turtlesim/action
[28.029s] -- Installing: /home/merlin/ros2_ws/install/turtlesim/include/turtlesim/turtlesim/action/detail
[28.030s] -- Installing: /home/merlin/ros2_ws/install/turtlesim/include/turtlesim/turtlesim/action/detail/rotate_absolute__functions.h
[28.030s] -- Installing: /home/merlin/ros2_ws/install/turtlesim/include/turtlesim/turtlesim/action/detail/rotate_absolute__type_support.h
[28.030s] -- Installing: /home/merlin/ros2_ws/install/turtlesim/include/turtlesim/turtlesim/action/detail/rotate_absolute__functions.c
[28.030s] -- Installing: /home/merlin/ros2_ws/install/turtlesim/include/turtlesim/turtlesim/action/detail/rotate_absolute__struct.h
[28.030s] -- Installing: /home/merlin/ros2_ws/install/turtlesim/include/turtlesim/turtlesim/action/rotate_absolute.h
[28.031s] -- Installing: /home/merlin/ros2_ws/install/turtlesim/share/turtlesim/environment/library_path.sh
[28.031s] -- Installing: /home/merlin/ros2_ws/install/turtlesim/share/turtlesim/environment/library_path.dsv
[28.031s] -- Installing: /home/merlin/ros2_ws/install/turtlesim/lib/libturtlesim__rosidl_generator_c.so
[28.032s] -- Set runtime path of "/home/merlin/ros2_ws/install/turtlesim/lib/libturtlesim__rosidl_generator_c.so" to ""
[28.032s] -- Up-to-date: /home/merlin/ros2_ws/install/turtlesim/include/turtlesim/turtlesim
[28.032s] -- Up-to-date: /home/merlin/ros2_ws/install/turtlesim/include/turtlesim/turtlesim/srv
[28.032s] -- Up-to-date: /home/merlin/ros2_ws/install/turtlesim/include/turtlesim/turtlesim/srv/detail
[28.032s] -- Installing: /home/merlin/ros2_ws/install/turtlesim/include/turtlesim/turtlesim/srv/detail/teleport_absolute__rosidl_typesupport_fastrtps_c.h
[28.032s] -- Installing: /home/merlin/ros2_ws/install/turtlesim/include/turtlesim/turtlesim/srv/detail/set_pen__rosidl_typesupport_fastrtps_c.h
[28.033s] -- Installing: /home/merlin/ros2_ws/install/turtlesim/include/turtlesim/turtlesim/srv/detail/teleport_relative__rosidl_typesupport_fastrtps_c.h
[28.033s] -- Installing: /home/merlin/ros2_ws/install/turtlesim/include/turtlesim/turtlesim/srv/detail/kill__rosidl_typesupport_fastrtps_c.h
[28.033s] -- Installing: /home/merlin/ros2_ws/install/turtlesim/include/turtlesim/turtlesim/srv/detail/spawn__rosidl_typesupport_fastrtps_c.h
[28.033s] -- Up-to-date: /home/merlin/ros2_ws/install/turtlesim/include/turtlesim/turtlesim/msg
[28.033s] -- Up-to-date: /home/merlin/ros2_ws/install/turtlesim/include/turtlesim/turtlesim/msg/detail
[28.033s] -- Installing: /home/merlin/ros2_ws/install/turtlesim/include/turtlesim/turtlesim/msg/detail/color__rosidl_typesupport_fastrtps_c.h
[28.033s] -- Installing: /home/merlin/ros2_ws/install/turtlesim/include/turtlesim/turtlesim/msg/detail/pose__rosidl_typesupport_fastrtps_c.h
[28.033s] -- Installing: /home/merlin/ros2_ws/install/turtlesim/include/turtlesim/turtlesim/msg/rosidl_typesupport_fastrtps_c__visibility_control.h
[28.033s] -- Up-to-date: /home/merlin/ros2_ws/install/turtlesim/include/turtlesim/turtlesim/action
[28.033s] -- Up-to-date: /home/merlin/ros2_ws/install/turtlesim/include/turtlesim/turtlesim/action/detail
[28.033s] -- Installing: /home/merlin/ros2_ws/install/turtlesim/include/turtlesim/turtlesim/action/detail/rotate_absolute__rosidl_typesupport_fastrtps_c.h
[28.034s] -- Installing: /home/merlin/ros2_ws/install/turtlesim/lib/libturtlesim__rosidl_typesupport_fastrtps_c.so
[28.034s] -- Set runtime path of "/home/merlin/ros2_ws/install/turtlesim/lib/libturtlesim__rosidl_typesupport_fastrtps_c.so" to ""
[28.034s] -- Up-to-date: /home/merlin/ros2_ws/install/turtlesim/include/turtlesim/turtlesim
[28.034s] -- Up-to-date: /home/merlin/ros2_ws/install/turtlesim/include/turtlesim/turtlesim/srv
[28.034s] -- Installing: /home/merlin/ros2_ws/install/turtlesim/include/turtlesim/turtlesim/srv/spawn.hpp
[28.034s] -- Up-to-date: /home/merlin/ros2_ws/install/turtlesim/include/turtlesim/turtlesim/srv/detail
[28.035s] -- Installing: /home/merlin/ros2_ws/install/turtlesim/include/turtlesim/turtlesim/srv/detail/spawn__builder.hpp
[28.035s] -- Installing: /home/merlin/ros2_ws/install/turtlesim/include/turtlesim/turtlesim/srv/detail/set_pen__traits.hpp
[28.035s] -- Installing: /home/merlin/ros2_ws/install/turtlesim/include/turtlesim/turtlesim/srv/detail/kill__traits.hpp
[28.035s] -- Installing: /home/merlin/ros2_ws/install/turtlesim/include/turtlesim/turtlesim/srv/detail/teleport_relative__type_support.hpp
[28.035s] -- Installing: /home/merlin/ros2_ws/install/turtlesim/include/turtlesim/turtlesim/srv/detail/set_pen__builder.hpp
[28.035s] -- Installing: /home/merlin/ros2_ws/install/turtlesim/include/turtlesim/turtlesim/srv/detail/spawn__type_support.hpp
[28.035s] -- Installing: /home/merlin/ros2_ws/install/turtlesim/include/turtlesim/turtlesim/srv/detail/teleport_absolute__builder.hpp
[28.035s] -- Installing: /home/merlin/ros2_ws/install/turtlesim/include/turtlesim/turtlesim/srv/detail/set_pen__struct.hpp
[28.035s] -- Installing: /home/merlin/ros2_ws/install/turtlesim/include/turtlesim/turtlesim/srv/detail/teleport_relative__traits.hpp
[28.036s] -- Installing: /home/merlin/ros2_ws/install/turtlesim/include/turtlesim/turtlesim/srv/detail/kill__builder.hpp
[28.036s] -- Installing: /home/merlin/ros2_ws/install/turtlesim/include/turtlesim/turtlesim/srv/detail/teleport_relative__struct.hpp
[28.036s] -- Installing: /home/merlin/ros2_ws/install/turtlesim/include/turtlesim/turtlesim/srv/detail/kill__type_support.hpp
[28.036s] -- Installing: /home/merlin/ros2_ws/install/turtlesim/include/turtlesim/turtlesim/srv/detail/kill__struct.hpp
[28.036s] -- Installing: /home/merlin/ros2_ws/install/turtlesim/include/turtlesim/turtlesim/srv/detail/teleport_absolute__struct.hpp
[28.036s] -- Installing: /home/merlin/ros2_ws/install/turtlesim/include/turtlesim/turtlesim/srv/detail/spawn__traits.hpp
[28.037s] -- Installing: /home/merlin/ros2_ws/install/turtlesim/include/turtlesim/turtlesim/srv/detail/spawn__struct.hpp
[28.037s] -- Installing: /home/merlin/ros2_ws/install/turtlesim/include/turtlesim/turtlesim/srv/detail/set_pen__type_support.hpp
[28.037s] -- Installing: /home/merlin/ros2_ws/install/turtlesim/include/turtlesim/turtlesim/srv/detail/teleport_absolute__traits.hpp
[28.037s] -- Installing: /home/merlin/ros2_ws/install/turtlesim/include/turtlesim/turtlesim/srv/detail/teleport_relative__builder.hpp
[28.037s] -- Installing: /home/merlin/ros2_ws/install/turtlesim/include/turtlesim/turtlesim/srv/detail/teleport_absolute__type_support.hpp
[28.037s] -- Installing: /home/merlin/ros2_ws/install/turtlesim/include/turtlesim/turtlesim/srv/teleport_relative.hpp
[28.037s] -- Installing: /home/merlin/ros2_ws/install/turtlesim/include/turtlesim/turtlesim/srv/set_pen.hpp
[28.038s] -- Installing: /home/merlin/ros2_ws/install/turtlesim/include/turtlesim/turtlesim/srv/teleport_absolute.hpp
[28.038s] -- Installing: /home/merlin/ros2_ws/install/turtlesim/include/turtlesim/turtlesim/srv/kill.hpp
[28.038s] -- Up-to-date: /home/merlin/ros2_ws/install/turtlesim/include/turtlesim/turtlesim/msg
[28.038s] -- Up-to-date: /home/merlin/ros2_ws/install/turtlesim/include/turtlesim/turtlesim/msg/detail
[28.038s] -- Installing: /home/merlin/ros2_ws/install/turtlesim/include/turtlesim/turtlesim/msg/detail/color__builder.hpp
[28.038s] -- Installing: /home/merlin/ros2_ws/install/turtlesim/include/turtlesim/turtlesim/msg/detail/pose__type_support.hpp
[28.038s] -- Installing: /home/merlin/ros2_ws/install/turtlesim/include/turtlesim/turtlesim/msg/detail/color__struct.hpp
[28.038s] -- Installing: /home/merlin/ros2_ws/install/turtlesim/include/turtlesim/turtlesim/msg/detail/pose__builder.hpp
[28.038s] -- Installing: /home/merlin/ros2_ws/install/turtlesim/include/turtlesim/turtlesim/msg/detail/pose__struct.hpp
[28.039s] -- Installing: /home/merlin/ros2_ws/install/turtlesim/include/turtlesim/turtlesim/msg/detail/color__type_support.hpp
[28.039s] -- Installing: /home/merlin/ros2_ws/install/turtlesim/include/turtlesim/turtlesim/msg/detail/color__traits.hpp
[28.039s] -- Installing: /home/merlin/ros2_ws/install/turtlesim/include/turtlesim/turtlesim/msg/detail/pose__traits.hpp
[28.039s] -- Installing: /home/merlin/ros2_ws/install/turtlesim/include/turtlesim/turtlesim/msg/color.hpp
[28.039s] -- Installing: /home/merlin/ros2_ws/install/turtlesim/include/turtlesim/turtlesim/msg/rosidl_generator_cpp__visibility_control.hpp
[28.039s] -- Installing: /home/merlin/ros2_ws/install/turtlesim/include/turtlesim/turtlesim/msg/pose.hpp
[28.039s] -- Up-to-date: /home/merlin/ros2_ws/install/turtlesim/include/turtlesim/turtlesim/action
[28.040s] -- Up-to-date: /home/merlin/ros2_ws/install/turtlesim/include/turtlesim/turtlesim/action/detail
[28.040s] -- Installing: /home/merlin/ros2_ws/install/turtlesim/include/turtlesim/turtlesim/action/detail/rotate_absolute__builder.hpp
[28.040s] -- Installing: /home/merlin/ros2_ws/install/turtlesim/include/turtlesim/turtlesim/action/detail/rotate_absolute__struct.hpp
[28.040s] -- Installing: /home/merlin/ros2_ws/install/turtlesim/include/turtlesim/turtlesim/action/detail/rotate_absolute__traits.hpp
[28.040s] -- Installing: /home/merlin/ros2_ws/install/turtlesim/include/turtlesim/turtlesim/action/detail/rotate_absolute__type_support.hpp
[28.040s] -- Installing: /home/merlin/ros2_ws/install/turtlesim/include/turtlesim/turtlesim/action/rotate_absolute.hpp
[28.040s] -- Up-to-date: /home/merlin/ros2_ws/install/turtlesim/include/turtlesim/turtlesim
[28.040s] -- Up-to-date: /home/merlin/ros2_ws/install/turtlesim/include/turtlesim/turtlesim/srv
[28.040s] -- Up-to-date: /home/merlin/ros2_ws/install/turtlesim/include/turtlesim/turtlesim/srv/detail
[28.041s] -- Installing: /home/merlin/ros2_ws/install/turtlesim/include/turtlesim/turtlesim/srv/detail/dds_fastrtps
[28.041s] -- Installing: /home/merlin/ros2_ws/install/turtlesim/include/turtlesim/turtlesim/srv/detail/kill__rosidl_typesupport_fastrtps_cpp.hpp
[28.041s] -- Installing: /home/merlin/ros2_ws/install/turtlesim/include/turtlesim/turtlesim/srv/detail/set_pen__rosidl_typesupport_fastrtps_cpp.hpp
[28.041s] -- Installing: /home/merlin/ros2_ws/install/turtlesim/include/turtlesim/turtlesim/srv/detail/teleport_relative__rosidl_typesupport_fastrtps_cpp.hpp
[28.041s] -- Installing: /home/merlin/ros2_ws/install/turtlesim/include/turtlesim/turtlesim/srv/detail/spawn__rosidl_typesupport_fastrtps_cpp.hpp
[28.041s] -- Installing: /home/merlin/ros2_ws/install/turtlesim/include/turtlesim/turtlesim/srv/detail/teleport_absolute__rosidl_typesupport_fastrtps_cpp.hpp
[28.041s] -- Up-to-date: /home/merlin/ros2_ws/install/turtlesim/include/turtlesim/turtlesim/msg
[28.041s] -- Up-to-date: /home/merlin/ros2_ws/install/turtlesim/include/turtlesim/turtlesim/msg/detail
[28.041s] -- Installing: /home/merlin/ros2_ws/install/turtlesim/include/turtlesim/turtlesim/msg/detail/dds_fastrtps
[28.041s] -- Installing: /home/merlin/ros2_ws/install/turtlesim/include/turtlesim/turtlesim/msg/detail/pose__rosidl_typesupport_fastrtps_cpp.hpp
[28.041s] -- Installing: /home/merlin/ros2_ws/install/turtlesim/include/turtlesim/turtlesim/msg/detail/color__rosidl_typesupport_fastrtps_cpp.hpp
[28.042s] -- Installing: /home/merlin/ros2_ws/install/turtlesim/include/turtlesim/turtlesim/msg/rosidl_typesupport_fastrtps_cpp__visibility_control.h
[28.042s] -- Up-to-date: /home/merlin/ros2_ws/install/turtlesim/include/turtlesim/turtlesim/action
[28.042s] -- Up-to-date: /home/merlin/ros2_ws/install/turtlesim/include/turtlesim/turtlesim/action/detail
[28.042s] -- Installing: /home/merlin/ros2_ws/install/turtlesim/include/turtlesim/turtlesim/action/detail/dds_fastrtps
[28.042s] -- Installing: /home/merlin/ros2_ws/install/turtlesim/include/turtlesim/turtlesim/action/detail/rotate_absolute__rosidl_typesupport_fastrtps_cpp.hpp
[28.042s] -- Installing: /home/merlin/ros2_ws/install/turtlesim/lib/libturtlesim__rosidl_typesupport_fastrtps_cpp.so
[28.043s] -- Set runtime path of "/home/merlin/ros2_ws/install/turtlesim/lib/libturtlesim__rosidl_typesupport_fastrtps_cpp.so" to ""
[28.043s] -- Up-to-date: /home/merlin/ros2_ws/install/turtlesim/include/turtlesim/turtlesim
[28.043s] -- Up-to-date: /home/merlin/ros2_ws/install/turtlesim/include/turtlesim/turtlesim/srv
[28.043s] -- Up-to-date: /home/merlin/ros2_ws/install/turtlesim/include/turtlesim/turtlesim/srv/detail
[28.043s] -- Installing: /home/merlin/ros2_ws/install/turtlesim/include/turtlesim/turtlesim/srv/detail/teleport_absolute__rosidl_typesupport_introspection_c.h
[28.043s] -- Installing: /home/merlin/ros2_ws/install/turtlesim/include/turtlesim/turtlesim/srv/detail/teleport_absolute__type_support.c
[28.043s] -- Installing: /home/merlin/ros2_ws/install/turtlesim/include/turtlesim/turtlesim/srv/detail/spawn__rosidl_typesupport_introspection_c.h
[28.043s] -- Installing: /home/merlin/ros2_ws/install/turtlesim/include/turtlesim/turtlesim/srv/detail/teleport_relative__type_support.c
[28.044s] -- Installing: /home/merlin/ros2_ws/install/turtlesim/include/turtlesim/turtlesim/srv/detail/kill__type_support.c
[28.044s] -- Installing: /home/merlin/ros2_ws/install/turtlesim/include/turtlesim/turtlesim/srv/detail/set_pen__type_support.c
[28.044s] -- Installing: /home/merlin/ros2_ws/install/turtlesim/include/turtlesim/turtlesim/srv/detail/teleport_relative__rosidl_typesupport_introspection_c.h
[28.044s] -- Installing: /home/merlin/ros2_ws/install/turtlesim/include/turtlesim/turtlesim/srv/detail/spawn__type_support.c
[28.044s] -- Installing: /home/merlin/ros2_ws/install/turtlesim/include/turtlesim/turtlesim/srv/detail/kill__rosidl_typesupport_introspection_c.h
[28.044s] -- Installing: /home/merlin/ros2_ws/install/turtlesim/include/turtlesim/turtlesim/srv/detail/set_pen__rosidl_typesupport_introspection_c.h
[28.044s] -- Up-to-date: /home/merlin/ros2_ws/install/turtlesim/include/turtlesim/turtlesim/msg
[28.044s] -- Up-to-date: /home/merlin/ros2_ws/install/turtlesim/include/turtlesim/turtlesim/msg/detail
[28.045s] -- Installing: /home/merlin/ros2_ws/install/turtlesim/include/turtlesim/turtlesim/msg/detail/color__rosidl_typesupport_introspection_c.h
[28.045s] -- Installing: /home/merlin/ros2_ws/install/turtlesim/include/turtlesim/turtlesim/msg/detail/color__type_support.c
[28.045s] -- Installing: /home/merlin/ros2_ws/install/turtlesim/include/turtlesim/turtlesim/msg/detail/pose__rosidl_typesupport_introspection_c.h
[28.045s] -- Installing: /home/merlin/ros2_ws/install/turtlesim/include/turtlesim/turtlesim/msg/detail/pose__type_support.c
[28.045s] -- Installing: /home/merlin/ros2_ws/install/turtlesim/include/turtlesim/turtlesim/msg/rosidl_typesupport_introspection_c__visibility_control.h
[28.045s] -- Up-to-date: /home/merlin/ros2_ws/install/turtlesim/include/turtlesim/turtlesim/action
[28.045s] -- Up-to-date: /home/merlin/ros2_ws/install/turtlesim/include/turtlesim/turtlesim/action/detail
[28.045s] -- Installing: /home/merlin/ros2_ws/install/turtlesim/include/turtlesim/turtlesim/action/detail/rotate_absolute__type_support.c
[28.045s] -- Installing: /home/merlin/ros2_ws/install/turtlesim/include/turtlesim/turtlesim/action/detail/rotate_absolute__rosidl_typesupport_introspection_c.h
[28.046s] -- Installing: /home/merlin/ros2_ws/install/turtlesim/lib/libturtlesim__rosidl_typesupport_introspection_c.so
[28.046s] -- Set runtime path of "/home/merlin/ros2_ws/install/turtlesim/lib/libturtlesim__rosidl_typesupport_introspection_c.so" to ""
[28.046s] -- Installing: /home/merlin/ros2_ws/install/turtlesim/lib/libturtlesim__rosidl_typesupport_c.so
[28.047s] -- Set runtime path of "/home/merlin/ros2_ws/install/turtlesim/lib/libturtlesim__rosidl_typesupport_c.so" to ""
[28.047s] -- Up-to-date: /home/merlin/ros2_ws/install/turtlesim/include/turtlesim/turtlesim
[28.047s] -- Up-to-date: /home/merlin/ros2_ws/install/turtlesim/include/turtlesim/turtlesim/srv
[28.047s] -- Up-to-date: /home/merlin/ros2_ws/install/turtlesim/include/turtlesim/turtlesim/srv/detail
[28.048s] -- Installing: /home/merlin/ros2_ws/install/turtlesim/include/turtlesim/turtlesim/srv/detail/kill__type_support.cpp
[28.048s] -- Installing: /home/merlin/ros2_ws/install/turtlesim/include/turtlesim/turtlesim/srv/detail/set_pen__rosidl_typesupport_introspection_cpp.hpp
[28.048s] -- Installing: /home/merlin/ros2_ws/install/turtlesim/include/turtlesim/turtlesim/srv/detail/teleport_relative__type_support.cpp
[28.048s] -- Installing: /home/merlin/ros2_ws/install/turtlesim/include/turtlesim/turtlesim/srv/detail/teleport_absolute__rosidl_typesupport_introspection_cpp.hpp
[28.048s] -- Installing: /home/merlin/ros2_ws/install/turtlesim/include/turtlesim/turtlesim/srv/detail/set_pen__type_support.cpp
[28.048s] -- Installing: /home/merlin/ros2_ws/install/turtlesim/include/turtlesim/turtlesim/srv/detail/spawn__type_support.cpp
[28.048s] -- Installing: /home/merlin/ros2_ws/install/turtlesim/include/turtlesim/turtlesim/srv/detail/kill__rosidl_typesupport_introspection_cpp.hpp
[28.048s] -- Installing: /home/merlin/ros2_ws/install/turtlesim/include/turtlesim/turtlesim/srv/detail/teleport_absolute__type_support.cpp
[28.048s] -- Installing: /home/merlin/ros2_ws/install/turtlesim/include/turtlesim/turtlesim/srv/detail/spawn__rosidl_typesupport_introspection_cpp.hpp
[28.049s] -- Installing: /home/merlin/ros2_ws/install/turtlesim/include/turtlesim/turtlesim/srv/detail/teleport_relative__rosidl_typesupport_introspection_cpp.hpp
[28.049s] -- Up-to-date: /home/merlin/ros2_ws/install/turtlesim/include/turtlesim/turtlesim/msg
[28.049s] -- Up-to-date: /home/merlin/ros2_ws/install/turtlesim/include/turtlesim/turtlesim/msg/detail
[28.049s] -- Installing: /home/merlin/ros2_ws/install/turtlesim/include/turtlesim/turtlesim/msg/detail/color__type_support.cpp
[28.049s] -- Installing: /home/merlin/ros2_ws/install/turtlesim/include/turtlesim/turtlesim/msg/detail/pose__rosidl_typesupport_introspection_cpp.hpp
[28.049s] -- Installing: /home/merlin/ros2_ws/install/turtlesim/include/turtlesim/turtlesim/msg/detail/pose__type_support.cpp
[28.049s] -- Installing: /home/merlin/ros2_ws/install/turtlesim/include/turtlesim/turtlesim/msg/detail/color__rosidl_typesupport_introspection_cpp.hpp
[28.050s] -- Up-to-date: /home/merlin/ros2_ws/install/turtlesim/include/turtlesim/turtlesim/action
[28.050s] -- Up-to-date: /home/merlin/ros2_ws/install/turtlesim/include/turtlesim/turtlesim/action/detail
[28.050s] -- Installing: /home/merlin/ros2_ws/install/turtlesim/include/turtlesim/turtlesim/action/detail/rotate_absolute__type_support.cpp
[28.050s] -- Installing: /home/merlin/ros2_ws/install/turtlesim/include/turtlesim/turtlesim/action/detail/rotate_absolute__rosidl_typesupport_introspection_cpp.hpp
[28.050s] -- Installing: /home/merlin/ros2_ws/install/turtlesim/lib/libturtlesim__rosidl_typesupport_introspection_cpp.so
[28.051s] -- Set runtime path of "/home/merlin/ros2_ws/install/turtlesim/lib/libturtlesim__rosidl_typesupport_introspection_cpp.so" to ""
[28.051s] -- Installing: /home/merlin/ros2_ws/install/turtlesim/lib/libturtlesim__rosidl_typesupport_cpp.so
[28.051s] -- Set runtime path of "/home/merlin/ros2_ws/install/turtlesim/lib/libturtlesim__rosidl_typesupport_cpp.so" to ""
[28.051s] -- Installing: /home/merlin/ros2_ws/install/turtlesim/share/turtlesim/environment/pythonpath.sh
[28.052s] -- Installing: /home/merlin/ros2_ws/install/turtlesim/share/turtlesim/environment/pythonpath.dsv
[28.052s] -- Installing: /home/merlin/ros2_ws/install/turtlesim/local/lib/python3.10/dist-packages/turtlesim-1.4.2-py3.10.egg-info
[28.052s] -- Installing: /home/merlin/ros2_ws/install/turtlesim/local/lib/python3.10/dist-packages/turtlesim-1.4.2-py3.10.egg-info/top_level.txt
[28.052s] -- Installing: /home/merlin/ros2_ws/install/turtlesim/local/lib/python3.10/dist-packages/turtlesim-1.4.2-py3.10.egg-info/PKG-INFO
[28.052s] -- Installing: /home/merlin/ros2_ws/install/turtlesim/local/lib/python3.10/dist-packages/turtlesim-1.4.2-py3.10.egg-info/dependency_links.txt
[28.052s] -- Installing: /home/merlin/ros2_ws/install/turtlesim/local/lib/python3.10/dist-packages/turtlesim-1.4.2-py3.10.egg-info/SOURCES.txt
[28.053s] -- Installing: /home/merlin/ros2_ws/install/turtlesim/local/lib/python3.10/dist-packages/turtlesim
[28.053s] -- Installing: /home/merlin/ros2_ws/install/turtlesim/local/lib/python3.10/dist-packages/turtlesim/_turtlesim_s.ep.rosidl_typesupport_fastrtps_c.c
[28.053s] -- Installing: /home/merlin/ros2_ws/install/turtlesim/local/lib/python3.10/dist-packages/turtlesim/srv
[28.053s] -- Installing: /home/merlin/ros2_ws/install/turtlesim/local/lib/python3.10/dist-packages/turtlesim/srv/_teleport_relative_s.c
[28.053s] -- Installing: /home/merlin/ros2_ws/install/turtlesim/local/lib/python3.10/dist-packages/turtlesim/srv/_teleport_absolute.py
[28.053s] -- Installing: /home/merlin/ros2_ws/install/turtlesim/local/lib/python3.10/dist-packages/turtlesim/srv/_set_pen.py
[28.053s] -- Installing: /home/merlin/ros2_ws/install/turtlesim/local/lib/python3.10/dist-packages/turtlesim/srv/_spawn_s.c
[28.054s] -- Installing: /home/merlin/ros2_ws/install/turtlesim/local/lib/python3.10/dist-packages/turtlesim/srv/_teleport_absolute_s.c
[28.054s] -- Installing: /home/merlin/ros2_ws/install/turtlesim/local/lib/python3.10/dist-packages/turtlesim/srv/__init__.py
[28.054s] -- Installing: /home/merlin/ros2_ws/install/turtlesim/local/lib/python3.10/dist-packages/turtlesim/srv/_kill_s.c
[28.054s] -- Installing: /home/merlin/ros2_ws/install/turtlesim/local/lib/python3.10/dist-packages/turtlesim/srv/_spawn.py
[28.054s] -- Installing: /home/merlin/ros2_ws/install/turtlesim/local/lib/python3.10/dist-packages/turtlesim/srv/_set_pen_s.c
[28.054s] -- Installing: /home/merlin/ros2_ws/install/turtlesim/local/lib/python3.10/dist-packages/turtlesim/srv/_kill.py
[28.054s] -- Installing: /home/merlin/ros2_ws/install/turtlesim/local/lib/python3.10/dist-packages/turtlesim/srv/_teleport_relative.py
[28.055s] -- Installing: /home/merlin/ros2_ws/install/turtlesim/local/lib/python3.10/dist-packages/turtlesim/libturtlesim__rosidl_generator_py.so
[28.055s] -- Installing: /home/merlin/ros2_ws/install/turtlesim/local/lib/python3.10/dist-packages/turtlesim/msg
[28.055s] -- Installing: /home/merlin/ros2_ws/install/turtlesim/local/lib/python3.10/dist-packages/turtlesim/msg/_pose.py
[28.055s] -- Installing: /home/merlin/ros2_ws/install/turtlesim/local/lib/python3.10/dist-packages/turtlesim/msg/_pose_s.c
[28.055s] -- Installing: /home/merlin/ros2_ws/install/turtlesim/local/lib/python3.10/dist-packages/turtlesim/msg/_color.py
[28.055s] -- Installing: /home/merlin/ros2_ws/install/turtlesim/local/lib/python3.10/dist-packages/turtlesim/msg/_color_s.c
[28.055s] -- Installing: /home/merlin/ros2_ws/install/turtlesim/local/lib/python3.10/dist-packages/turtlesim/msg/__init__.py
[28.056s] -- Installing: /home/merlin/ros2_ws/install/turtlesim/local/lib/python3.10/dist-packages/turtlesim/action
[28.056s] -- Installing: /home/merlin/ros2_ws/install/turtlesim/local/lib/python3.10/dist-packages/turtlesim/action/_rotate_absolute.py
[28.056s] -- Installing: /home/merlin/ros2_ws/install/turtlesim/local/lib/python3.10/dist-packages/turtlesim/action/__init__.py
[28.056s] -- Installing: /home/merlin/ros2_ws/install/turtlesim/local/lib/python3.10/dist-packages/turtlesim/action/_rotate_absolute_s.c
[28.056s] -- Installing: /home/merlin/ros2_ws/install/turtlesim/local/lib/python3.10/dist-packages/turtlesim/turtlesim_s__rosidl_typesupport_fastrtps_c.cpython-310-x86_64-linux-gnu.so
[28.056s] -- Installing: /home/merlin/ros2_ws/install/turtlesim/local/lib/python3.10/dist-packages/turtlesim/_turtlesim_s.ep.rosidl_typesupport_introspection_c.c
[28.057s] -- Installing: /home/merlin/ros2_ws/install/turtlesim/local/lib/python3.10/dist-packages/turtlesim/_turtlesim_s.ep.rosidl_typesupport_c.c
[28.057s] -- Installing: /home/merlin/ros2_ws/install/turtlesim/local/lib/python3.10/dist-packages/turtlesim/turtlesim_s__rosidl_typesupport_introspection_c.cpython-310-x86_64-linux-gnu.so
[28.057s] -- Installing: /home/merlin/ros2_ws/install/turtlesim/local/lib/python3.10/dist-packages/turtlesim/__init__.py
[28.057s] -- Installing: /home/merlin/ros2_ws/install/turtlesim/local/lib/python3.10/dist-packages/turtlesim/turtlesim_s__rosidl_typesupport_c.cpython-310-x86_64-linux-gnu.so
[28.121s] Listing '/home/merlin/ros2_ws/install/turtlesim/local/lib/python3.10/dist-packages/turtlesim'...
[28.122s] Compiling '/home/merlin/ros2_ws/install/turtlesim/local/lib/python3.10/dist-packages/turtlesim/__init__.py'...
[28.122s] Listing '/home/merlin/ros2_ws/install/turtlesim/local/lib/python3.10/dist-packages/turtlesim/action'...
[28.122s] Compiling '/home/merlin/ros2_ws/install/turtlesim/local/lib/python3.10/dist-packages/turtlesim/action/__init__.py'...
[28.122s] Compiling '/home/merlin/ros2_ws/install/turtlesim/local/lib/python3.10/dist-packages/turtlesim/action/_rotate_absolute.py'...
[28.122s] Listing '/home/merlin/ros2_ws/install/turtlesim/local/lib/python3.10/dist-packages/turtlesim/msg'...
[28.122s] Compiling '/home/merlin/ros2_ws/install/turtlesim/local/lib/python3.10/dist-packages/turtlesim/msg/__init__.py'...
[28.122s] Compiling '/home/merlin/ros2_ws/install/turtlesim/local/lib/python3.10/dist-packages/turtlesim/msg/_color.py'...
[28.122s] Compiling '/home/merlin/ros2_ws/install/turtlesim/local/lib/python3.10/dist-packages/turtlesim/msg/_pose.py'...
[28.122s] Listing '/home/merlin/ros2_ws/install/turtlesim/local/lib/python3.10/dist-packages/turtlesim/srv'...
[28.122s] Compiling '/home/merlin/ros2_ws/install/turtlesim/local/lib/python3.10/dist-packages/turtlesim/srv/__init__.py'...
[28.122s] Compiling '/home/merlin/ros2_ws/install/turtlesim/local/lib/python3.10/dist-packages/turtlesim/srv/_kill.py'...
[28.122s] Compiling '/home/merlin/ros2_ws/install/turtlesim/local/lib/python3.10/dist-packages/turtlesim/srv/_set_pen.py'...
[28.122s] Compiling '/home/merlin/ros2_ws/install/turtlesim/local/lib/python3.10/dist-packages/turtlesim/srv/_spawn.py'...
[28.122s] Compiling '/home/merlin/ros2_ws/install/turtlesim/local/lib/python3.10/dist-packages/turtlesim/srv/_teleport_absolute.py'...
[28.122s] Compiling '/home/merlin/ros2_ws/install/turtlesim/local/lib/python3.10/dist-packages/turtlesim/srv/_teleport_relative.py'...
[28.126s] -- Installing: /home/merlin/ros2_ws/install/turtlesim/local/lib/python3.10/dist-packages/turtlesim/turtlesim_s__rosidl_typesupport_fastrtps_c.cpython-310-x86_64-linux-gnu.so
[28.127s] -- Set runtime path of "/home/merlin/ros2_ws/install/turtlesim/local/lib/python3.10/dist-packages/turtlesim/turtlesim_s__rosidl_typesupport_fastrtps_c.cpython-310-x86_64-linux-gnu.so" to ""
[28.127s] -- Installing: /home/merlin/ros2_ws/install/turtlesim/local/lib/python3.10/dist-packages/turtlesim/turtlesim_s__rosidl_typesupport_introspection_c.cpython-310-x86_64-linux-gnu.so
[28.128s] -- Set runtime path of "/home/merlin/ros2_ws/install/turtlesim/local/lib/python3.10/dist-packages/turtlesim/turtlesim_s__rosidl_typesupport_introspection_c.cpython-310-x86_64-linux-gnu.so" to ""
[28.128s] -- Installing: /home/merlin/ros2_ws/install/turtlesim/local/lib/python3.10/dist-packages/turtlesim/turtlesim_s__rosidl_typesupport_c.cpython-310-x86_64-linux-gnu.so
[28.129s] -- Set runtime path of "/home/merlin/ros2_ws/install/turtlesim/local/lib/python3.10/dist-packages/turtlesim/turtlesim_s__rosidl_typesupport_c.cpython-310-x86_64-linux-gnu.so" to ""
[28.129s] -- Installing: /home/merlin/ros2_ws/install/turtlesim/lib/libturtlesim__rosidl_generator_py.so
[28.130s] -- Set runtime path of "/home/merlin/ros2_ws/install/turtlesim/lib/libturtlesim__rosidl_generator_py.so" to ""
[28.130s] -- Installing: /home/merlin/ros2_ws/install/turtlesim/share/turtlesim/action/RotateAbsolute.idl
[28.130s] -- Installing: /home/merlin/ros2_ws/install/turtlesim/share/turtlesim/msg/Color.idl
[28.130s] -- Installing: /home/merlin/ros2_ws/install/turtlesim/share/turtlesim/msg/Pose.idl
[28.131s] -- Installing: /home/merlin/ros2_ws/install/turtlesim/share/turtlesim/srv/Kill.idl
[28.131s] -- Installing: /home/merlin/ros2_ws/install/turtlesim/share/turtlesim/srv/SetPen.idl
[28.131s] -- Installing: /home/merlin/ros2_ws/install/turtlesim/share/turtlesim/srv/Spawn.idl
[28.131s] -- Installing: /home/merlin/ros2_ws/install/turtlesim/share/turtlesim/srv/TeleportAbsolute.idl
[28.131s] -- Installing: /home/merlin/ros2_ws/install/turtlesim/share/turtlesim/srv/TeleportRelative.idl
[28.132s] -- Installing: /home/merlin/ros2_ws/install/turtlesim/share/turtlesim/action/RotateAbsolute.action
[28.132s] -- Installing: /home/merlin/ros2_ws/install/turtlesim/share/turtlesim/msg/Color.msg
[28.132s] -- Installing: /home/merlin/ros2_ws/install/turtlesim/share/turtlesim/msg/Pose.msg
[28.132s] -- Installing: /home/merlin/ros2_ws/install/turtlesim/share/turtlesim/srv/Kill.srv
[28.132s] -- Installing: /home/merlin/ros2_ws/install/turtlesim/share/turtlesim/srv/Kill_Request.msg
[28.132s] -- Installing: /home/merlin/ros2_ws/install/turtlesim/share/turtlesim/srv/Kill_Response.msg
[28.133s] -- Installing: /home/merlin/ros2_ws/install/turtlesim/share/turtlesim/srv/SetPen.srv
[28.133s] -- Installing: /home/merlin/ros2_ws/install/turtlesim/share/turtlesim/srv/SetPen_Request.msg
[28.133s] -- Installing: /home/merlin/ros2_ws/install/turtlesim/share/turtlesim/srv/SetPen_Response.msg
[28.133s] -- Installing: /home/merlin/ros2_ws/install/turtlesim/share/turtlesim/srv/Spawn.srv
[28.133s] -- Installing: /home/merlin/ros2_ws/install/turtlesim/share/turtlesim/srv/Spawn_Request.msg
[28.134s] -- Installing: /home/merlin/ros2_ws/install/turtlesim/share/turtlesim/srv/Spawn_Response.msg
[28.134s] -- Installing: /home/merlin/ros2_ws/install/turtlesim/share/turtlesim/srv/TeleportAbsolute.srv
[28.134s] -- Installing: /home/merlin/ros2_ws/install/turtlesim/share/turtlesim/srv/TeleportAbsolute_Request.msg
[28.134s] -- Installing: /home/merlin/ros2_ws/install/turtlesim/share/turtlesim/srv/TeleportAbsolute_Response.msg
[28.134s] -- Installing: /home/merlin/ros2_ws/install/turtlesim/share/turtlesim/srv/TeleportRelative.srv
[28.134s] -- Installing: /home/merlin/ros2_ws/install/turtlesim/share/turtlesim/srv/TeleportRelative_Request.msg
[28.134s] -- Installing: /home/merlin/ros2_ws/install/turtlesim/share/turtlesim/srv/TeleportRelative_Response.msg
[28.135s] -- Installing: /home/merlin/ros2_ws/install/turtlesim/lib/turtlesim/turtlesim_node
[28.143s] -- Set runtime path of "/home/merlin/ros2_ws/install/turtlesim/lib/turtlesim/turtlesim_node" to ""
[28.143s] -- Installing: /home/merlin/ros2_ws/install/turtlesim/lib/turtlesim/turtle_teleop_key
[28.145s] -- Set runtime path of "/home/merlin/ros2_ws/install/turtlesim/lib/turtlesim/turtle_teleop_key" to ""
[28.145s] -- Installing: /home/merlin/ros2_ws/install/turtlesim/lib/turtlesim/draw_square
[28.150s] -- Set runtime path of "/home/merlin/ros2_ws/install/turtlesim/lib/turtlesim/draw_square" to ""
[28.150s] -- Installing: /home/merlin/ros2_ws/install/turtlesim/lib/turtlesim/mimic
[28.153s] -- Set runtime path of "/home/merlin/ros2_ws/install/turtlesim/lib/turtlesim/mimic" to ""
[28.154s] -- Installing: /home/merlin/ros2_ws/install/turtlesim/share/turtlesim/images
[28.154s] -- Installing: /home/merlin/ros2_ws/install/turtlesim/share/turtlesim/images/dashing.png
[28.154s] -- Installing: /home/merlin/ros2_ws/install/turtlesim/share/turtlesim/images/eloquent.png
[28.154s] -- Installing: /home/merlin/ros2_ws/install/turtlesim/share/turtlesim/images/ardent.png
[28.154s] -- Installing: /home/merlin/ros2_ws/install/turtlesim/share/turtlesim/images/rolling.png
[28.154s] -- Installing: /home/merlin/ros2_ws/install/turtlesim/share/turtlesim/images/galactic.png
[28.154s] -- Installing: /home/merlin/ros2_ws/install/turtlesim/share/turtlesim/images/bouncy.png
[28.155s] -- Installing: /home/merlin/ros2_ws/install/turtlesim/share/turtlesim/images/humble.png
[28.155s] -- Installing: /home/merlin/ros2_ws/install/turtlesim/share/turtlesim/images/foxy.png
[28.155s] -- Installing: /home/merlin/ros2_ws/install/turtlesim/share/turtlesim/images/crystal.png
[28.155s] -- Installing: /home/merlin/ros2_ws/install/turtlesim/share/turtlesim/launch
[28.155s] -- Installing: /home/merlin/ros2_ws/install/turtlesim/share/turtlesim/launch/multisim.launch.py
[28.155s] -- Installing: /home/merlin/ros2_ws/install/turtlesim/share/ament_index/resource_index/package_run_dependencies/turtlesim
[28.156s] -- Installing: /home/merlin/ros2_ws/install/turtlesim/share/ament_index/resource_index/parent_prefix_path/turtlesim
[28.156s] -- Installing: /home/merlin/ros2_ws/install/turtlesim/share/turtlesim/environment/ament_prefix_path.sh
[28.156s] -- Installing: /home/merlin/ros2_ws/install/turtlesim/share/turtlesim/environment/ament_prefix_path.dsv
[28.156s] -- Installing: /home/merlin/ros2_ws/install/turtlesim/share/turtlesim/environment/path.sh
[28.157s] -- Installing: /home/merlin/ros2_ws/install/turtlesim/share/turtlesim/environment/path.dsv
[28.157s] -- Installing: /home/merlin/ros2_ws/install/turtlesim/share/turtlesim/local_setup.bash
[28.157s] -- Installing: /home/merlin/ros2_ws/install/turtlesim/share/turtlesim/local_setup.sh
[28.157s] -- Installing: /home/merlin/ros2_ws/install/turtlesim/share/turtlesim/local_setup.zsh
[28.157s] -- Installing: /home/merlin/ros2_ws/install/turtlesim/share/turtlesim/local_setup.dsv
[28.157s] -- Installing: /home/merlin/ros2_ws/install/turtlesim/share/turtlesim/package.dsv
[28.158s] -- Installing: /home/merlin/ros2_ws/install/turtlesim/share/ament_index/resource_index/packages/turtlesim
[28.158s] -- Installing: /home/merlin/ros2_ws/install/turtlesim/share/turtlesim/cmake/export_turtlesim__rosidl_generator_cExport.cmake
[28.158s] -- Installing: /home/merlin/ros2_ws/install/turtlesim/share/turtlesim/cmake/export_turtlesim__rosidl_generator_cExport-noconfig.cmake
[28.158s] -- Installing: /home/merlin/ros2_ws/install/turtlesim/share/turtlesim/cmake/export_turtlesim__rosidl_typesupport_fastrtps_cExport.cmake
[28.159s] -- Installing: /home/merlin/ros2_ws/install/turtlesim/share/turtlesim/cmake/export_turtlesim__rosidl_typesupport_fastrtps_cExport-noconfig.cmake
[28.159s] -- Installing: /home/merlin/ros2_ws/install/turtlesim/share/turtlesim/cmake/export_turtlesim__rosidl_generator_cppExport.cmake
[28.159s] -- Installing: /home/merlin/ros2_ws/install/turtlesim/share/turtlesim/cmake/export_turtlesim__rosidl_typesupport_fastrtps_cppExport.cmake
[28.159s] -- Installing: /home/merlin/ros2_ws/install/turtlesim/share/turtlesim/cmake/export_turtlesim__rosidl_typesupport_fastrtps_cppExport-noconfig.cmake
[28.159s] -- Installing: /home/merlin/ros2_ws/install/turtlesim/share/turtlesim/cmake/turtlesim__rosidl_typesupport_introspection_cExport.cmake
[28.160s] -- Installing: /home/merlin/ros2_ws/install/turtlesim/share/turtlesim/cmake/turtlesim__rosidl_typesupport_introspection_cExport-noconfig.cmake
[28.160s] -- Installing: /home/merlin/ros2_ws/install/turtlesim/share/turtlesim/cmake/turtlesim__rosidl_typesupport_cExport.cmake
[28.160s] -- Installing: /home/merlin/ros2_ws/install/turtlesim/share/turtlesim/cmake/turtlesim__rosidl_typesupport_cExport-noconfig.cmake
[28.160s] -- Installing: /home/merlin/ros2_ws/install/turtlesim/share/turtlesim/cmake/turtlesim__rosidl_typesupport_introspection_cppExport.cmake
[28.161s] -- Installing: /home/merlin/ros2_ws/install/turtlesim/share/turtlesim/cmake/turtlesim__rosidl_typesupport_introspection_cppExport-noconfig.cmake
[28.161s] -- Installing: /home/merlin/ros2_ws/install/turtlesim/share/turtlesim/cmake/turtlesim__rosidl_typesupport_cppExport.cmake
[28.161s] -- Installing: /home/merlin/ros2_ws/install/turtlesim/share/turtlesim/cmake/turtlesim__rosidl_typesupport_cppExport-noconfig.cmake
[28.161s] -- Installing: /home/merlin/ros2_ws/install/turtlesim/share/turtlesim/cmake/export_turtlesim__rosidl_generator_pyExport.cmake
[28.161s] -- Installing: /home/merlin/ros2_ws/install/turtlesim/share/turtlesim/cmake/export_turtlesim__rosidl_generator_pyExport-noconfig.cmake
[28.162s] -- Installing: /home/merlin/ros2_ws/install/turtlesim/share/turtlesim/cmake/rosidl_cmake-extras.cmake
[28.162s] -- Installing: /home/merlin/ros2_ws/install/turtlesim/share/turtlesim/cmake/ament_cmake_export_dependencies-extras.cmake
[28.162s] -- Installing: /home/merlin/ros2_ws/install/turtlesim/share/turtlesim/cmake/ament_cmake_export_include_directories-extras.cmake
[28.162s] -- Installing: /home/merlin/ros2_ws/install/turtlesim/share/turtlesim/cmake/ament_cmake_export_libraries-extras.cmake
[28.162s] -- Installing: /home/merlin/ros2_ws/install/turtlesim/share/turtlesim/cmake/ament_cmake_export_targets-extras.cmake
[28.163s] -- Installing: /home/merlin/ros2_ws/install/turtlesim/share/turtlesim/cmake/rosidl_cmake_export_typesupport_targets-extras.cmake
[28.163s] -- Installing: /home/merlin/ros2_ws/install/turtlesim/share/turtlesim/cmake/rosidl_cmake_export_typesupport_libraries-extras.cmake
[28.163s] -- Installing: /home/merlin/ros2_ws/install/turtlesim/share/turtlesim/cmake/turtlesimConfig.cmake
[28.163s] -- Installing: /home/merlin/ros2_ws/install/turtlesim/share/turtlesim/cmake/turtlesimConfig-version.cmake
[28.163s] -- Installing: /home/merlin/ros2_ws/install/turtlesim/share/turtlesim/package.xml
[28.166s] Invoked command in '/home/merlin/ros2_ws/build/turtlesim' returned '0': CMAKE_PREFIX_PATH=/opt/ros/humble /usr/bin/cmake --install /home/merlin/ros2_ws/build/turtlesim
